<?xml version="1.0" encoding="UTF-8"?>
<testsuite name="TwoferTest" tests="3" skipped="0" failures="0" errors="0" timestamp="2019-08-30T12:33:19" hostname="DESKTOP-D1VDM0A" time="0.011">
  <properties/>
  <testcase name="noNameGiven" classname="TwoferTest" time="0.01"/>
  <testcase name="aNameGiven" classname="TwoferTest" time="0.0"/>
  <testcase name="anotherNameGiven" classname="TwoferTest" time="0.001"/>
  <system-out><![CDATA[]]></system-out>
  <system-err><![CDATA[]]></system-err>
</testsuite>
